color yellow/blue yellow/magenta

timeout=3
title=phantom FAST
kernel=(hd0,0)/boot/phantom -d=10 -- 
module=(hd0,0)/boot/classes
#module=(nd)/pmod_tcpdemo 
#module=(nd)/pmod_test
#module=(nd)/pmod_regress 
boot 

title=phantom ALL TESTS
kernel=(hd0,0)/boot/phantom -d=20 -- -test all
module=(hd0,0)/boot/classes
#module=(nd)/pmod_tcpdemo 
module=(nd)/pmod_test
#module=(nd)/pmod_regress 
boot 


title=phantom (boot from NET)
kernel=(nd)/phantom -d=10 -- 
module=(nd)/classes
module=(nd)/pmod_tcpdemo 
#module=(nd)/pmod_test
#module=(nd)/pmod_regress 
boot 


title=phantom (pause)
kernel=(nd)/phantom -d=10 -pause -- 
module=(nd)/classes
module=(nd)/pmod_tcpdemo 
#module=(nd)/pmod_test
#module=(nd)/pmod_regress 
boot 



title=phantom (alt boot class)
kernel=(nd)/phantom -d=10 root.boot=ru.dz.phantom.tetris.boot --
module=(nd)/classes
module=(nd)/pmod_tcpdemo 
#module=(nd)/pmod_test
#module=(nd)/pmod_regress 
boot 

title=phantom (alt shell class)
kernel=(nd)/phantom -d=10 root.shell=ru.dz.phantom.system.shell --
module=(nd)/classes
module=(nd)/pmod_tcpdemo 
#module=(nd)/pmod_test
#module=(nd)/pmod_regress 
boot 

title=phantom THREAD TEST
kernel=(nd)/phantom -d=10 root.shell=ru.dz.phantom.system.thread_test --
module=(nd)/classes
module=(nd)/pmod_tcpdemo 
#module=(nd)/pmod_test
#module=(nd)/pmod_regress 
boot 


title=phantom (no VESA)
kernel=(nd)/phantom -d=20 -novesa -- -novesa
#module=(nd)/classes
#module=(nd)/pmod_tcpdemo 
#module=(nd)/pmod_test
#module=(nd)/pmod_regress 
boot 
